<?xml version="1.0" encoding="UTF-8"?>
<!-- Generated by org.testng.reporters.JUnitReportReporter -->
<testsuite skipped="0" hostname="Ankur" name="com.tests.DemoCl" tests="1" failures="0" timestamp="14 Nov 2019 09:03:06 GMT" time="0.047" errors="0">
  <testcase name="tc1" time="0.047" classname="com.tests.DemoCl"/>
</testsuite> <!-- com.tests.DemoCl -->
