<?xml version="1.0" encoding="UTF-8"?>
<!-- Generated by org.testng.reporters.JUnitReportReporter -->
<testsuite hostname="Ankur" name="DemoCl" tests="1" failures="0" timestamp="14 Nov 2019 07:31:03 GMT" time="0.041" errors="0">
  <testcase name="MDemo" time="0.041" classname="DemoCl"/>
</testsuite> <!-- DemoCl -->
